======================================================================
🧪 Infoway WebSocket API 测试 (根据官方文档)
======================================================================
测试时间：2026-03-25 12:55:47
WebSocket URL: wss://data.infoway.io/ws?business=stock&apikey=c87ebee1fe204f40acc35ed0272677d3-infoway
测试股票：601398.SH,600036.SH,600519.SH
协议号:
  - 成交明细：10000
  - 盘口数据：10003
  - K 线数据：10006
  - 心跳：10010
======================================================================

⏳ 等待连接建立...
  等待中... (1s)
  等待中... (2s)
  等待中... (3s)

❌ 错误：Connection to remote host was lost.

🔴 连接关闭：None - None
  等待中... (4s)
  等待中... (5s)
  等待中... (6s)
  等待中... (7s)
  等待中... (8s)
  等待中... (9s)
  等待中... (10s)

❌ 连接超时失败

======================================================================
⚠️ 建议继续使用腾讯财经
======================================================================
