[2026-03-24 13:41:45] ======================================================================
[2026-03-24 13:41:45] 🎯 理想化模拟盘启动
[2026-03-24 13:41:45] ======================================================================
[2026-03-24 13:41:45] 初始资金：¥1,000,000.00
[2026-03-24 13:41:45] 手续费率：万分之五 (5‱)
[2026-03-24 13:41:45] 检查间隔：30秒
[2026-03-24 13:41:45] 监控股票：10 只
[2026-03-24 13:41:45] ======================================================================
[2026-03-24 13:41:45] 💰 账户汇总:
[2026-03-24 13:41:45]    现金：¥1,000,000.00
[2026-03-24 13:41:45]    持仓市值：¥0.00
[2026-03-24 13:41:45]    总资产：¥1,000,000.00
[2026-03-24 13:41:45]    总盈亏：¥0.00 (+0.00%)
[2026-03-24 13:41:45] 📊 检查交易信号...
[2026-03-24 13:41:46] ❌ 错误：tuple indices must be integers or slices, not str
[2026-03-24 13:41:56] 📊 检查交易信号...
[2026-03-24 13:41:57] ❌ 错误：tuple indices must be integers or slices, not str
[2026-03-24 13:42:07] 📊 检查交易信号...
[2026-03-24 13:42:07] ❌ 错误：tuple indices must be integers or slices, not str
[2026-03-24 13:42:17] 📊 检查交易信号...
[2026-03-24 13:42:17] ❌ 错误：tuple indices must be integers or slices, not str
[2026-03-24 13:42:28] ======================================================================
[2026-03-24 13:42:28] 🎯 理想化模拟盘启动
[2026-03-24 13:42:28] ======================================================================
[2026-03-24 13:42:28] 初始资金：¥1,000,000.00
[2026-03-24 13:42:28] 手续费率：万分之五 (5‱)
[2026-03-24 13:42:28] 检查间隔：30秒
[2026-03-24 13:42:28] 监控股票：10 只
[2026-03-24 13:42:28] ======================================================================
[2026-03-24 13:42:28] 💰 账户汇总:
[2026-03-24 13:42:28]    现金：¥1,000,000.00
[2026-03-24 13:42:28]    持仓市值：¥0.00
[2026-03-24 13:42:28]    总资产：¥1,000,000.00
[2026-03-24 13:42:28]    总盈亏：¥0.00 (+0.00%)
[2026-03-24 13:42:28] 📊 检查交易信号...
[2026-03-24 13:42:33]   🟢 买入 美的集团: 2700股 @ ¥74.03 (手续费¥99.94)
[2026-03-24 13:42:33]      原因：布林带下轨 (%B=-0.08)
[2026-03-24 13:42:33]   ⚠️ 飞书推送失败：[Errno 2] No such file or directory: 'message'
[2026-03-24 13:42:33]   🟢 买入 伊利股份: 7800股 @ ¥25.59 (手续费¥99.80)
[2026-03-24 13:42:33]      原因：布林带下轨 (%B=0.00)
[2026-03-24 13:42:33]   ⚠️ 飞书推送失败：[Errno 2] No such file or directory: 'message'
[2026-03-24 13:42:34]   ✅ 执行 2 笔交易，账户已更新
[2026-03-24 13:42:34] 💰 账户汇总:
[2026-03-24 13:42:34]    现金：¥600,317.26
[2026-03-24 13:42:34]    持仓市值：¥399,510.00
[2026-03-24 13:42:34]    总资产：¥999,827.26
[2026-03-24 13:42:34]    总盈亏：¥-172.74 (-0.02%)
[2026-03-24 13:42:34]    持仓明细:
[2026-03-24 13:42:34]      🟢 sz.000333: ¥27 (+0.0%)
[2026-03-24 13:42:34]      ⚪ sh.600887: ¥0 (+0.0%)
[2026-03-24 13:43:04] 📊 检查交易信号...
[2026-03-24 13:43:11]   ⚪ 美的集团: 已持仓，跳过买入
[2026-03-24 13:43:13]   ⚪ 伊利股份: 已持仓，跳过买入
[2026-03-24 13:43:16]   ⚪ 无交易信号
[2026-03-24 13:43:16] 💰 账户汇总:
[2026-03-24 13:43:16]    现金：¥600,317.26
[2026-03-24 13:43:16]    持仓市值：¥399,324.00
[2026-03-24 13:43:16]    总资产：¥999,641.26
[2026-03-24 13:43:16]    总盈亏：¥-358.74 (-0.04%)
[2026-03-24 13:43:16]    持仓明细:
[2026-03-24 13:43:16]      🔴 sz.000333: ¥-81 (-0.0%)
[2026-03-24 13:43:16]      🔴 sh.600887: ¥-78 (-0.0%)
[2026-03-24 13:44:16] 📊 检查交易信号...
[2026-03-24 13:44:23]   ⚪ 美的集团: 已持仓，跳过买入
[2026-03-24 13:44:24]   ⚪ 伊利股份: 已持仓，跳过买入
[2026-03-24 13:44:25]   ⚪ 无交易信号
[2026-03-24 13:44:25] 💰 账户汇总:
[2026-03-24 13:44:25]    现金：¥600,317.26
[2026-03-24 13:44:25]    持仓市值：¥399,222.00
[2026-03-24 13:44:25]    总资产：¥999,539.26
[2026-03-24 13:44:25]    总盈亏：¥-460.74 (-0.05%)
[2026-03-24 13:44:25]    持仓明细:
[2026-03-24 13:44:25]      🔴 sz.000333: ¥-27 (-0.0%)
[2026-03-24 13:44:25]      🔴 sh.600887: ¥-234 (-0.1%)
[2026-03-24 13:45:25] 📊 检查交易信号...
[2026-03-24 13:45:32]   ⚪ 美的集团: 已持仓，跳过买入
[2026-03-24 13:45:32]   ⚪ 伊利股份: 已持仓，跳过买入
[2026-03-24 13:45:33]   ⚪ 无交易信号
[2026-03-24 13:45:33] 💰 账户汇总:
[2026-03-24 13:45:33]    现金：¥600,317.26
[2026-03-24 13:45:33]    持仓市值：¥399,327.00
[2026-03-24 13:45:33]    总资产：¥999,644.26
[2026-03-24 13:45:33]    总盈亏：¥-355.74 (-0.04%)
[2026-03-24 13:45:33]    持仓明细:
[2026-03-24 13:45:33]      ⚪ sz.000333: ¥0 (+0.0%)
[2026-03-24 13:45:33]      🔴 sh.600887: ¥-156 (-0.1%)
[2026-03-24 13:46:03] 📊 检查交易信号...
[2026-03-24 13:46:07]   ⚪ 美的集团: 已持仓，跳过买入
[2026-03-24 13:46:10]   ⚪ 伊利股份: 已持仓，跳过买入
[2026-03-24 13:46:11]   ⚪ 无交易信号
[2026-03-24 13:46:11] 💰 账户汇总:
[2026-03-24 13:46:11]    现金：¥600,317.26
[2026-03-24 13:46:11]    持仓市值：¥399,666.00
[2026-03-24 13:46:11]    总资产：¥999,983.26
[2026-03-24 13:46:11]    总盈亏：¥-16.74 (-0.00%)
[2026-03-24 13:46:11]    持仓明细:
[2026-03-24 13:46:11]      🟢 sz.000333: ¥27 (+0.0%)
[2026-03-24 13:46:11]      🟢 sh.600887: ¥156 (+0.1%)
[2026-03-24 13:49:50] ======================================================================
[2026-03-24 13:49:50] 🎯 理想化模拟盘启动
[2026-03-24 13:49:50] ======================================================================
[2026-03-24 13:49:50] 初始资金：¥1,000,000.00
[2026-03-24 13:49:50] 手续费率：万分之五 (5‱)
[2026-03-24 13:49:50] 检查间隔：30秒
[2026-03-24 13:49:50] 监控股票：10 只
[2026-03-24 13:49:50] ======================================================================
[2026-03-24 13:49:50] 💰 账户汇总:
[2026-03-24 13:49:50]    现金：¥600,317.26
[2026-03-24 13:49:50]    持仓市值：¥399,585.00
[2026-03-24 13:49:50]    总资产：¥999,902.26
[2026-03-24 13:49:50]    总盈亏：¥-97.74 (-0.01%)
[2026-03-24 13:49:50]    持仓明细:
[2026-03-24 13:49:50]      🔴 sz.000333: ¥-54 (-0.0%)
[2026-03-24 13:49:50]      🟢 sh.600887: ¥156 (+0.1%)
[2026-03-24 13:49:50] 📊 检查交易信号...
[2026-03-24 13:49:56]   ⚪ 美的集团: 已持仓，跳过买入
[2026-03-24 13:49:56]   ⚪ 伊利股份: 已持仓，跳过买入
[2026-03-24 13:49:58]   ⚪ 无交易信号
[2026-03-24 13:49:58] 💰 账户汇总:
[2026-03-24 13:49:58]    现金：¥600,317.26
[2026-03-24 13:49:58]    持仓市值：¥399,504.00
[2026-03-24 13:49:58]    总资产：¥999,821.26
[2026-03-24 13:49:58]    总盈亏：¥-178.74 (-0.02%)
[2026-03-24 13:49:58]    持仓明细:
[2026-03-24 13:49:58]      🔴 sz.000333: ¥-135 (-0.1%)
[2026-03-24 13:49:58]      🟢 sh.600887: ¥156 (+0.1%)
[2026-03-24 13:50:10] ======================================================================
[2026-03-24 13:50:10] 🎯 理想化模拟盘启动
[2026-03-24 13:50:10] ======================================================================
[2026-03-24 13:50:10] 初始资金：¥1,000,000.00
[2026-03-24 13:50:10] 手续费率：万分之五 (5‱)
[2026-03-24 13:50:10] 检查间隔：30秒
[2026-03-24 13:50:10] 监控股票：10 只
[2026-03-24 13:50:10] ======================================================================
[2026-03-24 13:50:10] 💰 账户汇总:
[2026-03-24 13:50:10]    现金：¥1,000,000.00
[2026-03-24 13:50:10]    持仓市值：¥0.00
[2026-03-24 13:50:10]    总资产：¥1,000,000.00
[2026-03-24 13:50:10]    总盈亏：¥0.00 (+0.00%)
[2026-03-24 13:50:10] 📊 检查交易信号...
[2026-03-24 13:50:15]   🟢 买入 美的集团: 600股 @ ¥73.99 (手续费¥22.20)
[2026-03-24 13:50:15]      原因：布林带下轨 (%B=-0.08)
[2026-03-24 13:50:15]   ⚠️ 飞书推送失败：[Errno 2] No such file or directory: 'message'
[2026-03-24 13:50:16]   🟢 买入 伊利股份: 1900股 @ ¥25.61 (手续费¥24.33)
[2026-03-24 13:50:16]      原因：布林带下轨 (%B=0.00)
[2026-03-24 13:50:16]   ⚠️ 飞书推送失败：[Errno 2] No such file or directory: 'message'
[2026-03-24 13:50:17]   ✅ 执行 2 笔交易，账户已更新
[2026-03-24 13:50:17] 💰 账户汇总:
[2026-03-24 13:50:17]    现金：¥906,900.47
[2026-03-24 13:50:17]    持仓市值：¥93,046.00
[2026-03-24 13:50:17]    总资产：¥999,946.47
[2026-03-24 13:50:17]    总盈亏：¥-53.53 (-0.01%)
[2026-03-24 13:50:17]    持仓明细:
[2026-03-24 13:50:17]      🟢 sz.000333: ¥12 (+0.0%)
[2026-03-24 13:50:17]      🔴 sh.600887: ¥-19 (-0.0%)
[2026-03-24 13:51:17] 📊 检查交易信号...
[2026-03-24 13:51:23]   ⚪ 美的集团: 已持仓，跳过买入
[2026-03-24 13:51:23]   ⚪ 伊利股份: 已持仓，跳过买入
[2026-03-24 13:51:27]   ⚪ 无交易信号
[2026-03-24 13:51:27] 💰 账户汇总:
[2026-03-24 13:51:27]    现金：¥906,900.47
[2026-03-24 13:51:27]    持仓市值：¥93,059.00
[2026-03-24 13:51:27]    总资产：¥999,959.47
[2026-03-24 13:51:27]    总盈亏：¥-40.53 (-0.00%)
[2026-03-24 13:51:27]    持仓明细:
[2026-03-24 13:51:27]      🟢 sz.000333: ¥6 (+0.0%)
[2026-03-24 13:51:27]      ⚪ sh.600887: ¥0 (+0.0%)
[2026-03-24 13:52:27] 📊 检查交易信号...
[2026-03-24 13:55:49] ======================================================================
[2026-03-24 13:55:49] 🎯 理想化模拟盘启动
[2026-03-24 13:55:49] ======================================================================
[2026-03-24 13:55:49] 初始资金：¥1,000,000.00
[2026-03-24 13:55:49] 手续费率：万分之五 (5‱)
[2026-03-24 13:55:49] 检查间隔：30秒
[2026-03-24 13:55:49] 监控股票：50 只
[2026-03-24 13:55:49] ======================================================================
[2026-03-24 13:55:49] 💰 账户汇总:
[2026-03-24 13:55:49]    现金：¥906,900.47
[2026-03-24 13:55:49]    持仓市值：¥93,069.00
[2026-03-24 13:55:49]    总资产：¥999,969.47
[2026-03-24 13:55:49]    总盈亏：¥-30.53 (-0.00%)
[2026-03-24 13:55:49]    持仓明细:
[2026-03-24 13:55:49]      🟢 sz.000333: ¥54 (+0.1%)
[2026-03-24 13:55:49]      🔴 sh.600887: ¥-38 (-0.1%)
[2026-03-24 13:55:49] 📊 检查交易信号...
[2026-03-24 13:55:55]   🟢 买入 民生银行: 11000股 @ ¥3.80 (手续费¥20.90)
[2026-03-24 13:55:55]      原因：布林带下轨 (%B=-0.24)
[2026-03-24 13:55:55]   ⚠️ 飞书推送失败：[Errno 2] No such file or directory: 'message'
[2026-03-24 13:55:59]   🟢 买入 邮储银行: 8300股 @ ¥5.00 (手续费¥20.75)
[2026-03-24 13:55:59]      原因：布林带下轨 (%B=-0.01)
[2026-03-24 13:55:59]   ⚠️ 飞书推送失败：[Errno 2] No such file or directory: 'message'
[2026-03-24 13:56:05]   🟢 买入 迎驾贡酒: 1800股 @ ¥32.03 (手续费¥28.83)
[2026-03-24 13:56:05]      原因：布林带下轨 (%B=-0.12)
[2026-03-24 13:56:05]   ⚠️ 飞书推送失败：[Errno 2] No such file or directory: 'message'
[2026-03-24 13:56:05]   🟢 买入 今世缘: 1500股 @ ¥27.30 (手续费¥20.48)
[2026-03-24 13:56:05]      原因：布林带下轨 (%B=-0.03)
[2026-03-24 13:56:05]   ⚠️ 飞书推送失败：[Errno 2] No such file or directory: 'message'
[2026-03-24 13:56:19]   🟢 买入 同仁堂: 1400股 @ ¥28.49 (手续费¥19.94)
[2026-03-24 13:56:19]      原因：布林带下轨 (%B=-0.25)
[2026-03-24 13:56:19]   ⚠️ 飞书推送失败：[Errno 2] No such file or directory: 'message'
[2026-03-24 13:56:22]   🟢 买入 片仔癀: 500股 @ ¥152.72 (手续费¥38.18)
[2026-03-24 13:56:22]      原因：布林带下轨 (%B=0.01)
[2026-03-24 13:56:22]   ⚠️ 飞书推送失败：[Errno 2] No such file or directory: 'message'
[2026-03-24 13:56:23]   🟢 买入 云南白药: 1200股 @ ¥55.42 (手续费¥33.25)
[2026-03-24 13:56:23]      原因：布林带下轨 (%B=-0.17)
[2026-03-24 13:56:23]   ⚠️ 飞书推送失败：[Errno 2] No such file or directory: 'message'
[2026-03-24 13:56:25]   ⚪ 美的集团: 已持仓，跳过买入
[2026-03-24 13:56:28]   ⚪ 伊利股份: 已持仓，跳过买入
[2026-03-24 13:56:29]   🟢 买入 海尔智家: 1800股 @ ¥23.28 (手续费¥20.95)
[2026-03-24 13:56:29]      原因：布林带下轨 (%B=-0.13)
[2026-03-24 13:56:29]   ⚠️ 飞书推送失败：[Errno 2] No such file or directory: 'message'
[2026-03-24 13:56:32]   🟢 买入 山东黄金: 1500股 @ ¥37.82 (手续费¥28.37)
[2026-03-24 13:56:32]      原因：布林带下轨 (%B=-0.13)
[2026-03-24 13:56:32]   ⚠️ 飞书推送失败：[Errno 2] No such file or directory: 'message'
[2026-03-24 13:56:32]   ✅ 执行 9 笔交易，账户已更新
[2026-03-24 13:56:32] 💰 账户汇总:
[2026-03-24 13:56:32]    现金：¥443,380.83
[2026-03-24 13:56:32]    持仓市值：¥556,306.00
[2026-03-24 13:56:32]    总资产：¥999,686.83
[2026-03-24 13:56:32]    总盈亏：¥-313.17 (-0.03%)
[2026-03-24 13:56:32]    持仓明细:
[2026-03-24 13:56:32]      🟢 sz.000333: ¥60 (+0.1%)
[2026-03-24 13:56:32]      🔴 sh.600887: ¥-38 (-0.1%)
[2026-03-24 13:56:32]      🔴 sh.600016: ¥-110 (-0.3%)
[2026-03-24 13:56:32]      🟢 sh.601658: ¥83 (+0.2%)
[2026-03-24 13:56:32]      ⚪ sh.603198: ¥0 (+0.0%)
[2026-03-24 13:56:32]      ⚪ sh.603369: ¥0 (+0.0%)
[2026-03-24 13:56:32]      🔴 sh.600085: ¥-28 (-0.1%)
[2026-03-24 13:56:32]      🟢 sh.600436: ¥10 (+0.0%)
[2026-03-24 13:56:32]      🔴 sz.000538: ¥-12 (-0.0%)
[2026-03-24 13:56:32]      ⚪ sh.600690: ¥0 (+0.0%)
[2026-03-24 13:56:32]      ⚪ sh.600547: ¥0 (+0.0%)
[2026-03-24 13:57:02] 📊 检查交易信号...
[2026-03-24 13:57:07]   ⚪ 民生银行: 已持仓，跳过买入
[2026-03-24 13:57:10]   ⚪ 邮储银行: 已持仓，跳过买入
[2026-03-24 13:57:19]   ⚪ 迎驾贡酒: 已持仓，跳过买入
[2026-03-24 13:57:19]   ⚪ 今世缘: 已持仓，跳过买入
[2026-03-24 13:57:39]   ⚪ 同仁堂: 已持仓，跳过买入
[2026-03-24 13:57:39]   ⚪ 片仔癀: 已持仓，跳过买入
[2026-03-24 13:57:40]   ⚪ 云南白药: 已持仓，跳过买入
[2026-03-24 13:57:43]   ⚪ 美的集团: 已持仓，跳过买入
[2026-03-24 13:57:43]   ⚪ 伊利股份: 已持仓，跳过买入
[2026-03-24 13:57:43]   ⚪ 海尔智家: 已持仓，跳过买入
[2026-03-24 13:57:48]   ⚪ 山东黄金: 已持仓，跳过买入
[2026-03-24 13:57:48]   ⚪ 无交易信号
[2026-03-24 13:57:49] 💰 账户汇总:
[2026-03-24 13:57:49]    现金：¥443,380.83
[2026-03-24 13:57:49]    持仓市值：¥556,344.00
[2026-03-24 13:57:49]    总资产：¥999,724.83
[2026-03-24 13:57:49]    总盈亏：¥-275.17 (-0.03%)
[2026-03-24 13:57:49]    持仓明细:
[2026-03-24 13:57:49]      🟢 sz.000333: ¥78 (+0.2%)
[2026-03-24 13:57:49]      🔴 sh.600887: ¥-57 (-0.1%)
[2026-03-24 13:57:49]      🔴 sh.600016: ¥-110 (-0.3%)
[2026-03-24 13:57:49]      ⚪ sh.601658: ¥0 (+0.0%)
[2026-03-24 13:57:49]      🔴 sh.603198: ¥-36 (-0.1%)
[2026-03-24 13:57:49]      🔴 sh.603369: ¥-15 (-0.0%)
[2026-03-24 13:57:49]      🔴 sh.600085: ¥-28 (-0.1%)
[2026-03-24 13:57:49]      🟢 sh.600436: ¥60 (+0.1%)
[2026-03-24 13:57:49]      🔴 sz.000538: ¥-24 (-0.0%)
[2026-03-24 13:57:49]      ⚪ sh.600690: ¥0 (+0.0%)
[2026-03-24 13:57:49]      🟢 sh.600547: ¥135 (+0.2%)
[2026-03-24 13:58:19] 📊 检查交易信号...
[2026-03-24 13:58:25]   ⚪ 民生银行: 已持仓，跳过买入
[2026-03-24 13:58:28]   ⚪ 邮储银行: 已持仓，跳过买入
[2026-03-24 13:58:39]   ⚪ 迎驾贡酒: 已持仓，跳过买入
[2026-03-24 13:58:42]   ⚪ 今世缘: 已持仓，跳过买入
[2026-03-24 13:58:57]   ⚪ 同仁堂: 已持仓，跳过买入
[2026-03-24 13:58:57]   ⚪ 片仔癀: 已持仓，跳过买入
[2026-03-24 13:58:59]   ⚪ 云南白药: 已持仓，跳过买入
[2026-03-24 13:59:01]   ⚪ 美的集团: 已持仓，跳过买入
[2026-03-24 13:59:03]   ⚪ 伊利股份: 已持仓，跳过买入
[2026-03-24 13:59:03]   ⚪ 海尔智家: 已持仓，跳过买入
[2026-03-24 13:59:05]   ⚪ 山东黄金: 已持仓，跳过买入
[2026-03-24 13:59:05]   ⚪ 无交易信号
[2026-03-24 13:59:06] 💰 账户汇总:
[2026-03-24 13:59:06]    现金：¥443,380.83
[2026-03-24 13:59:06]    持仓市值：¥556,508.00
[2026-03-24 13:59:06]    总资产：¥999,888.83
[2026-03-24 13:59:06]    总盈亏：¥-111.17 (-0.01%)
[2026-03-24 13:59:06]    持仓明细:
[2026-03-24 13:59:06]      🟢 sz.000333: ¥48 (+0.1%)
[2026-03-24 13:59:06]      🔴 sh.600887: ¥-57 (-0.1%)
[2026-03-24 13:59:06]      ⚪ sh.600016: ¥0 (+0.0%)
[2026-03-24 13:59:06]      🟢 sh.601658: ¥83 (+0.2%)
[2026-03-24 13:59:06]      🟢 sh.603198: ¥90 (+0.2%)
[2026-03-24 13:59:06]      ⚪ sh.603369: ¥0 (+0.0%)
[2026-03-24 13:59:06]      🔴 sh.600085: ¥-70 (-0.2%)
[2026-03-24 13:59:06]      🟢 sh.600436: ¥40 (+0.1%)
[2026-03-24 13:59:06]      🔴 sz.000538: ¥-12 (-0.0%)
[2026-03-24 13:59:06]      ⚪ sh.600690: ¥0 (+0.0%)
[2026-03-24 13:59:06]      🟢 sh.600547: ¥45 (+0.1%)
[2026-03-24 13:59:36] 📊 检查交易信号...
[2026-03-24 13:59:41]   ⚪ 民生银行: 已持仓，跳过买入
[2026-03-24 13:59:44]   ⚪ 邮储银行: 已持仓，跳过买入
[2026-03-24 13:59:51]   ⚪ 迎驾贡酒: 已持仓，跳过买入
[2026-03-24 13:59:51]   ⚪ 今世缘: 已持仓，跳过买入
[2026-03-24 14:00:08]   ⚪ 同仁堂: 已持仓，跳过买入
[2026-03-24 14:00:11]   ⚪ 片仔癀: 已持仓，跳过买入
[2026-03-24 14:00:12]   ⚪ 云南白药: 已持仓，跳过买入
[2026-03-24 14:00:14]   ⚪ 美的集团: 已持仓，跳过买入
[2026-03-24 14:00:18]   ⚪ 伊利股份: 已持仓，跳过买入
[2026-03-24 14:00:18]   ⚪ 海尔智家: 已持仓，跳过买入
[2026-03-24 14:00:21]   ⚪ 山东黄金: 已持仓，跳过买入
[2026-03-24 14:00:21]   ⚪ 无交易信号
[2026-03-24 14:00:22] 💰 账户汇总:
[2026-03-24 14:00:22]    现金：¥443,380.83
[2026-03-24 14:00:22]    持仓市值：¥556,277.00
[2026-03-24 14:00:22]    总资产：¥999,657.83
[2026-03-24 14:00:22]    总盈亏：¥-342.17 (-0.03%)
[2026-03-24 14:00:22]    持仓明细:
[2026-03-24 14:00:22]      🟢 sz.000333: ¥36 (+0.1%)
[2026-03-24 14:00:22]      🔴 sh.600887: ¥-57 (-0.1%)
[2026-03-24 14:00:22]      🔴 sh.600016: ¥-110 (-0.3%)
[2026-03-24 14:00:22]      ⚪ sh.601658: ¥0 (+0.0%)
[2026-03-24 14:00:22]      🟢 sh.603198: ¥18 (+0.0%)
[2026-03-24 14:00:22]      🔴 sh.603369: ¥-15 (-0.0%)
[2026-03-24 14:00:22]      🔴 sh.600085: ¥-70 (-0.2%)
[2026-03-24 14:00:22]      🟢 sh.600436: ¥50 (+0.1%)
[2026-03-24 14:00:22]      🔴 sz.000538: ¥-36 (-0.1%)
[2026-03-24 14:00:22]      ⚪ sh.600690: ¥0 (+0.0%)
[2026-03-24 14:00:22]      🟢 sh.600547: ¥120 (+0.2%)
[2026-03-24 14:00:52] 📊 检查交易信号...
[2026-03-24 14:00:56]   ⚪ 民生银行: 已持仓，跳过买入
[2026-03-24 14:00:58]   ⚪ 邮储银行: 已持仓，跳过买入
[2026-03-24 14:01:05]   ⚪ 今世缘: 已持仓，跳过买入
[2026-03-24 14:01:26]   ⚪ 同仁堂: 已持仓，跳过买入
[2026-03-24 14:01:27]   ⚪ 片仔癀: 已持仓，跳过买入
[2026-03-24 14:01:28]   ⚪ 云南白药: 已持仓，跳过买入
[2026-03-24 14:01:29]   ⚪ 美的集团: 已持仓，跳过买入
[2026-03-24 14:01:30]   ⚪ 伊利股份: 已持仓，跳过买入
[2026-03-24 14:01:32]   ⚪ 海尔智家: 已持仓，跳过买入
[2026-03-24 14:01:34]   ⚪ 山东黄金: 已持仓，跳过买入
[2026-03-24 14:01:34]   ⚪ 无交易信号
[2026-03-24 14:01:34] 💰 账户汇总:
[2026-03-24 14:01:34]    现金：¥443,380.83
[2026-03-24 14:01:34]    持仓市值：¥556,511.00
[2026-03-24 14:01:34]    总资产：¥999,891.83
[2026-03-24 14:01:34]    总盈亏：¥-108.17 (-0.01%)
[2026-03-24 14:01:34]    持仓明细:
[2026-03-24 14:01:34]      🟢 sz.000333: ¥42 (+0.1%)
[2026-03-24 14:01:34]      🔴 sh.600887: ¥-57 (-0.1%)
[2026-03-24 14:01:34]      ⚪ sh.600016: ¥0 (+0.0%)
[2026-03-24 14:01:34]      ⚪ sh.601658: ¥0 (+0.0%)
[2026-03-24 14:01:34]      🟢 sh.603198: ¥90 (+0.2%)
[2026-03-24 14:01:34]      🔴 sh.603369: ¥-15 (-0.0%)
[2026-03-24 14:01:34]      🔴 sh.600085: ¥-70 (-0.2%)
[2026-03-24 14:01:34]      🟢 sh.600436: ¥45 (+0.1%)
[2026-03-24 14:01:34]      🔴 sz.000538: ¥-48 (-0.1%)
[2026-03-24 14:01:34]      🟢 sh.600690: ¥18 (+0.0%)
[2026-03-24 14:01:34]      🟢 sh.600547: ¥165 (+0.3%)
[2026-03-24 19:43:10] ======================================================================
[2026-03-24 19:43:10] 🎯 理想化模拟盘启动
[2026-03-24 19:43:10] ======================================================================
[2026-03-24 19:43:10] 初始资金：¥1,000,000.00
[2026-03-24 19:43:10] 手续费率：万分之五 (5‱)
[2026-03-24 19:43:10] 检查间隔：30秒
[2026-03-24 19:43:10] 监控股票：50 只
[2026-03-24 19:43:10] ======================================================================
[2026-03-24 19:43:11] 💰 账户汇总:
[2026-03-24 19:43:11]    现金：¥443,380.83
[2026-03-24 19:43:11]    持仓市值：¥559,573.00
[2026-03-24 19:43:11]    总资产：¥1,002,953.83
[2026-03-24 19:43:11]    总盈亏：¥2,953.83 (+0.30%)
[2026-03-24 19:43:11]    持仓明细:
[2026-03-24 19:43:11]      🟢 sz.000333: ¥144 (+0.3%)
[2026-03-24 19:43:11]      🟢 sh.600887: ¥171 (+0.4%)
[2026-03-24 19:43:11]      🟢 sh.600016: ¥110 (+0.3%)
[2026-03-24 19:43:11]      🟢 sh.601658: ¥166 (+0.4%)
[2026-03-24 19:43:11]      🟢 sh.603198: ¥792 (+1.4%)
[2026-03-24 19:43:11]      🟢 sh.603369: ¥225 (+0.5%)
[2026-03-24 19:43:11]      🟢 sh.600085: ¥154 (+0.4%)
[2026-03-24 19:43:11]      🔴 sh.600436: ¥-15 (-0.0%)
[2026-03-24 19:43:11]      🟢 sz.000538: ¥84 (+0.1%)
[2026-03-24 19:43:11]      🟢 sh.600690: ¥126 (+0.3%)
[2026-03-24 19:43:11]      🟢 sh.600547: ¥1,275 (+2.2%)
[2026-03-24 19:43:11] 💤 已收盘，明日再见
[2026-03-24 19:43:11] ======================================================================
[2026-03-24 19:43:11] 📊 模拟盘结束
[2026-03-24 19:43:11] ======================================================================
